{"level":"ERROR","time":"2023-06-30T11:21:04.127+0800","caller":"controllers/user.go:41","msg":"signup logic handle failed","error":"用户已存在"}
{"level":"INFO","time":"2023-06-30T11:21:04.127+0800","caller":"logger/logger.go:75","msg":"/signup","status":200,"method":"POST","path":"/signup","query":"","ip":"127.0.0.1","user-agent":"PostmanRuntime/7.32.3","errors":"","cost":0.497788878}
{"level":"INFO","time":"2023-06-30T11:21:58.458+0800","caller":"web_app/main.go:94","msg":"Shutdown Server ..."}
{"level":"INFO","time":"2023-06-30T11:21:58.458+0800","caller":"web_app/main.go:103","msg":"Server exiting"}
{"level":"DEBUG","time":"2023-06-30T11:22:43.521+0800","caller":"web_app/main.go:46","msg":"logger init success..."}
{"level":"ERROR","time":"2023-06-30T11:22:50.804+0800","caller":"controllers/user.go:23","msg":"signup handle invalid param","error":"Key: 'ParamSignUpUser.re_password' Error:Field validation for 're_password' failed on the 'eqfield' tag\nKey: 'ParamSignUpUser.re_password' Error:Field validation for 're_password' failed on the 'eqfield' tag"}
{"level":"INFO","time":"2023-06-30T11:22:50.804+0800","caller":"logger/logger.go:75","msg":"/signup","status":200,"method":"POST","path":"/signup","query":"","ip":"127.0.0.1","user-agent":"PostmanRuntime/7.32.3","errors":"","cost":0.000197233}
{"level":"INFO","time":"2023-06-30T11:23:02.629+0800","caller":"web_app/main.go:94","msg":"Shutdown Server ..."}
{"level":"INFO","time":"2023-06-30T11:23:02.629+0800","caller":"web_app/main.go:103","msg":"Server exiting"}
{"level":"DEBUG","time":"2023-06-30T11:23:24.003+0800","caller":"web_app/main.go:46","msg":"logger init success..."}
{"level":"ERROR","time":"2023-06-30T11:23:28.178+0800","caller":"controllers/user.go:23","msg":"signup handle invalid param","error":"Key: 'ParamSignUpUser.re_password' Error:Field validation for 're_password' failed on the 'eqfield' tag\nKey: 'ParamSignUpUser.re_password' Error:Field validation for 're_password' failed on the 'eqfield' tag"}
{"level":"INFO","time":"2023-06-30T11:23:28.178+0800","caller":"logger/logger.go:75","msg":"/signup","status":200,"method":"POST","path":"/signup","query":"","ip":"127.0.0.1","user-agent":"PostmanRuntime/7.32.3","errors":"","cost":0.000197926}
{"level":"INFO","time":"2023-06-30T11:24:23.407+0800","caller":"web_app/main.go:94","msg":"Shutdown Server ..."}
{"level":"INFO","time":"2023-06-30T11:24:23.407+0800","caller":"web_app/main.go:103","msg":"Server exiting"}
{"level":"DEBUG","time":"2023-06-30T11:25:00.855+0800","caller":"web_app/main.go:46","msg":"logger init success..."}
{"level":"INFO","time":"2023-06-30T11:25:31.262+0800","caller":"web_app/main.go:94","msg":"Shutdown Server ..."}
{"level":"INFO","time":"2023-06-30T11:25:31.262+0800","caller":"web_app/main.go:103","msg":"Server exiting"}
{"level":"DEBUG","time":"2023-06-30T11:25:32.617+0800","caller":"web_app/main.go:46","msg":"logger init success..."}
{"level":"INFO","time":"2023-06-30T11:25:42.606+0800","caller":"web_app/main.go:94","msg":"Shutdown Server ..."}
{"level":"INFO","time":"2023-06-30T11:25:42.606+0800","caller":"web_app/main.go:103","msg":"Server exiting"}
{"level":"DEBUG","time":"2023-06-30T11:27:00.923+0800","caller":"web_app/main.go:46","msg":"logger init success..."}
{"level":"ERROR","time":"2023-06-30T11:27:05.777+0800","caller":"controllers/user.go:23","msg":"signup handle invalid param","error":"Key: 'ParamSignUpUser.re_password' Error:Field validation for 're_password' failed on the 'eqfield' tag\nKey: 'ParamSignUpUser.re_password' Error:Field validation for 're_password' failed on the 'eqfield' tag"}
{"level":"INFO","time":"2023-06-30T11:27:05.777+0800","caller":"logger/logger.go:78","msg":"/signup","status":200,"method":"POST","path":"/signup","query":"","ip":"127.0.0.1","user-agent":"PostmanRuntime/7.32.3","errors":"","cost":0.000279412}
{"level":"ERROR","time":"2023-06-30T11:27:18.149+0800","caller":"controllers/user.go:41","msg":"signup logic handle failed","error":"用户已存在"}
{"level":"INFO","time":"2023-06-30T11:27:18.149+0800","caller":"logger/logger.go:78","msg":"/signup","status":200,"method":"POST","path":"/signup","query":"","ip":"127.0.0.1","user-agent":"PostmanRuntime/7.32.3","errors":"","cost":0.005175067}
{"level":"INFO","time":"2023-06-30T11:27:33.506+0800","caller":"web_app/main.go:94","msg":"Shutdown Server ..."}
{"level":"INFO","time":"2023-06-30T11:27:33.506+0800","caller":"web_app/main.go:103","msg":"Server exiting"}
{"level":"DEBUG","time":"2023-06-30T11:57:15.086+0800","caller":"web_app/main.go:46","msg":"logger init success..."}
{"level":"ERROR","time":"2023-06-30T11:57:27.517+0800","caller":"controllers/user.go:41","msg":"signup logic handle failed","error":"用户已存在"}
{"level":"INFO","time":"2023-06-30T11:57:27.518+0800","caller":"logger/logger.go:78","msg":"/signup","status":200,"method":"POST","path":"/signup","query":"","ip":"127.0.0.1","user-agent":"PostmanRuntime/7.32.3","errors":"","cost":0.005178506}
{"level":"INFO","time":"2023-06-30T11:57:33.035+0800","caller":"web_app/main.go:94","msg":"Shutdown Server ..."}
{"level":"INFO","time":"2023-06-30T11:57:33.036+0800","caller":"web_app/main.go:103","msg":"Server exiting"}
{"level":"DEBUG","time":"2023-06-30T11:58:12.736+0800","caller":"web_app/main.go:46","msg":"logger init success..."}
{"level":"INFO","time":"2023-06-30T11:58:14.002+0800","caller":"web_app/main.go:94","msg":"Shutdown Server ..."}
{"level":"INFO","time":"2023-06-30T11:58:14.002+0800","caller":"web_app/main.go:103","msg":"Server exiting"}
{"level":"DEBUG","time":"2023-06-30T12:00:04.321+0800","caller":"web_app/main.go:46","msg":"logger init success..."}
{"level":"INFO","time":"2023-06-30T12:00:08.820+0800","caller":"web_app/main.go:94","msg":"Shutdown Server ..."}
{"level":"INFO","time":"2023-06-30T12:00:08.820+0800","caller":"web_app/main.go:103","msg":"Server exiting"}
